==============================================================================
STAGE 24 — GNN Module (DJL + ONNX Runtime) — VERIFICATION REPORT
Date: 2026-03-09
==============================================================================

Stage 24 sign-off requires all of stages 1–24 to pass. Run: make verify

0. CUMULATIVE OUTPUT — STAGES 1–23
------------------------------------------------------------------------------

---------- STAGES 1–22 ----------
  (See stage-22.log, stage-23.log for full output.)
  Result:               PASS

---------- STAGE 23 OUTPUT ----------
  Output Publisher (FreeMarker Templates)
  Result:               PASS

1. MODULE & BUILD
------------------------------------------------------------------------------
  Module:              libs/gnn
  Gradle build:        BUILD SUCCESSFUL
  Compile Java:        PASS
  Compile Test Java:   PASS
  Dependencies:        libs:common, libs:graph, djl-api, djl-onnxruntime, spring-boot-starter-actuator
  test:                excludes @Tag("integration")

2. CONFIGURATION & DATA MODEL
------------------------------------------------------------------------------
  FlowForgeProperties:  GnnProperties(linkPredictionModelPath, nodeClassificationModelPath) added.
  Neo4jGraphQueryService: getAllNodes(UUID), getAllEdges(UUID) — elementId, type, degree, isReactive, reactiveComplexity; source/target elementId.
  GraphData:            nodeFeatures float[][], edgeIndex long[2][], edgeFeatures float[][], nodeLabels int[], numNodes, numEdges.
  GnnAnalysisResult:    snapshotId, predictedLinks, nodeClassifications, totalNodes, totalEdges.

3. IMPLEMENTATION SUMMARY
------------------------------------------------------------------------------
  GraphDataPreparer:     prepareGraphData(snapshotId) — getAllNodes/Edges from Neo4j; buildNodeFeatureMatrix (32-dim), buildNodeLabelVector, buildEdgeIndex (id→index), buildEdgeFeatureMatrix; nodeTypeIndex, encodeNodeFeatures (one-hot type, degree, isReactive, complexity).
  GnnModelConfig:        @ConditionalOnProperty(link-prediction-model-path); gnnLinkPredictionCriteria, gnnNodeClassificationCriteria — OnnxRuntime, optModelPath from props.
  GnnInferenceService:  predictLinks(graphData, threshold) — NDList(nodeFeatures, edgeIndex), timer flowforge.gnn.link_prediction.latency; classifyNodes(graphData) — timer flowforge.gnn.node_classification.latency; LinkPrediction, NodeClassification, InteractionPattern enum; close() releases models.
  GnnAnalysisService:    analyze(snapshotId) — prepareGraphData, predictLinks(0.7), classifyNodes; putJson evidence/gnn-analysis/{snapshotId}.json; counter flowforge.gnn.links.predicted.
  GraphDataExporter:     exportForTraining(snapshotId, outputPath) — JSON node_features, edge_index, node_labels, num_nodes, num_edges for Python training.

4. UNIT TESTS
------------------------------------------------------------------------------
  GraphDataPreparerTest:  prepareGraphData_returnsCorrectDimensions; encodeNodeFeatures_setsOneHotForServiceType; encodeNodeFeatures_encodesReactiveFlag; encodeNodeFeatures_handlesDefaultValues; buildEdgeIndex_createsSourceTargetPairs; prepareGraphData_emptyGraph_returnsEmptyData. All passing.
  GnnInferenceServiceTest: predictLinks_filtersAboveThreshold; predictLinks_returnsEmptyOnModelFailure; classifyNodes_returnsClassificationForEachNode; classifyNodes_selectsHighestProbabilityClass (@Disabled — engine layout). All passing (1 disabled).
  GnnAnalysisServiceTest:  analyze_orchestratesPreparationAndInference. All passing.
  TestFixtures:           sampleGraphNodes, sampleGraphEdges, nodesWithIds, edgesForIndices, sampleGraphData, smallTestGraphData, linkPredictionOutput, nodeClassificationOutput, nodeClassificationOutputFixed.

5. SCRIPTS
------------------------------------------------------------------------------
  scripts/train_gnn.py:        Train LinkPredGNN and NodeClassGNN (PyTorch Geometric), export ONNX; --graph-data, --output-dir, --epochs.
  scripts/generate_test_models.py: Generate test_link_pred.onnx, test_node_class.onnx under libs/gnn/src/test/resources/models/ for CI.

6. RESULT
------------------------------------------------------------------------------
  Result: PASS
